2020-04-06 22:09:28,649 INFO o.a.j.u.JMeterUtils: Setting Locale to en_CA
2020-04-06 22:09:28,686 INFO o.a.j.JMeter: Loading user properties from: user.properties
2020-04-06 22:09:28,687 INFO o.a.j.JMeter: Loading system properties from: system.properties
2020-04-06 22:09:28,689 INFO o.a.j.JMeter: Copyright (c) 1998-2019 The Apache Software Foundation
2020-04-06 22:09:28,689 INFO o.a.j.JMeter: Version 5.2.1
2020-04-06 22:09:28,689 INFO o.a.j.JMeter: java.version=13.0.2
2020-04-06 22:09:28,689 INFO o.a.j.JMeter: java.vm.name=Java HotSpot(TM) 64-Bit Server VM
2020-04-06 22:09:28,689 INFO o.a.j.JMeter: os.name=Mac OS X
2020-04-06 22:09:28,689 INFO o.a.j.JMeter: os.arch=x86_64
2020-04-06 22:09:28,690 INFO o.a.j.JMeter: os.version=10.15.3
2020-04-06 22:09:28,690 INFO o.a.j.JMeter: file.encoding=UTF-8
2020-04-06 22:09:28,690 INFO o.a.j.JMeter: java.awt.headless=null
2020-04-06 22:09:28,690 INFO o.a.j.JMeter: Max memory     =2147483648
2020-04-06 22:09:28,690 INFO o.a.j.JMeter: Available Processors =8
2020-04-06 22:09:28,699 INFO o.a.j.JMeter: Default Locale=English (Canada)
2020-04-06 22:09:28,699 INFO o.a.j.JMeter: JMeter  Locale=English (Canada)
2020-04-06 22:09:28,700 INFO o.a.j.JMeter: JMeterHome=/Users/marievelapierre/Desktop/Qualité/TP/log8371-tp2/JMeter/apache-jmeter-5.2.1
2020-04-06 22:09:28,700 INFO o.a.j.JMeter: user.dir  =/Users/marievelapierre/Desktop/Qualité/TP/log8371-tp2/JMeter/apache-jmeter-5.2.1/bin
2020-04-06 22:09:28,700 INFO o.a.j.JMeter: PWD       =/Users/marievelapierre/Desktop/Qualité/TP/log8371-tp2/JMeter/apache-jmeter-5.2.1/bin
2020-04-06 22:09:28,725 INFO o.a.j.JMeter: IP: 192.168.0.21 Name: Marieves-MacBook-Pro.local FullName: 192.168.0.21
2020-04-06 22:09:29,990 INFO o.a.j.g.a.LookAndFeelCommand: Installing Darcula LAF
2020-04-06 22:09:29,998 INFO o.a.j.g.a.LookAndFeelCommand: Using look and feel: com.bulenkov.darcula.DarculaLaf [Darcula]
2020-04-06 22:09:29,999 INFO o.a.j.JMeter: Setting LAF to: com.bulenkov.darcula.DarculaLaf
2020-04-06 22:09:30,109 INFO o.a.j.JMeter: Loaded icon properties from org/apache/jmeter/images/icon.properties
2020-04-06 22:09:31,818 INFO o.a.j.p.h.s.HTTPSamplerBase: Parser for text/html is org.apache.jmeter.protocol.http.parser.LagartoBasedHtmlParser
2020-04-06 22:09:31,819 INFO o.a.j.p.h.s.HTTPSamplerBase: Parser for application/xhtml+xml is org.apache.jmeter.protocol.http.parser.LagartoBasedHtmlParser
2020-04-06 22:09:31,819 INFO o.a.j.p.h.s.HTTPSamplerBase: Parser for application/xml is org.apache.jmeter.protocol.http.parser.LagartoBasedHtmlParser
2020-04-06 22:09:31,819 INFO o.a.j.p.h.s.HTTPSamplerBase: Parser for text/xml is org.apache.jmeter.protocol.http.parser.LagartoBasedHtmlParser
2020-04-06 22:09:31,819 INFO o.a.j.p.h.s.HTTPSamplerBase: Parser for text/vnd.wap.wml is org.apache.jmeter.protocol.http.parser.RegexpHTMLParser
2020-04-06 22:09:31,820 INFO o.a.j.p.h.s.HTTPSamplerBase: Parser for text/css is org.apache.jmeter.protocol.http.parser.CssParser
2020-04-06 22:09:32,182 INFO o.a.j.e.KeyToolUtils: keytool found at 'keytool'
2020-04-06 22:09:32,183 INFO o.a.j.p.h.p.ProxyControl: HTTP(S) Test Script Recorder SSL Proxy will use keys that support embedded 3rd party resources in file /Users/marievelapierre/Desktop/Qualité/TP/log8371-tp2/JMeter/apache-jmeter-5.2.1/bin/proxyserver.jks
2020-04-06 22:09:32,301 INFO o.a.j.s.FileServer: Default base='/Users/marievelapierre/Desktop/Qualité/TP/log8371-tp2/JMeter/apache-jmeter-5.2.1/bin'
2020-04-06 22:09:32,576 INFO o.a.j.s.SampleResult: Note: Sample TimeStamps are START times
2020-04-06 22:09:32,577 INFO o.a.j.s.SampleResult: sampleresult.default.encoding is set to ISO-8859-1
2020-04-06 22:09:32,577 INFO o.a.j.s.SampleResult: sampleresult.useNanoTime=true
2020-04-06 22:09:32,577 INFO o.a.j.s.SampleResult: sampleresult.nanoThreadSleep=5000
2020-04-06 22:09:32,594 INFO o.a.j.v.ViewResultsFullVisualizer: Add JavaFX to your Java installation if you want to use renderer: org.apache.jmeter.visualizers.RenderInBrowser
2020-04-06 22:09:40,272 INFO o.a.j.g.a.Load: Loading file: /Users/marievelapierre/Desktop/Qualité/TP/log8371-tp2/JMeter/apache-jmeter-5.2.1/bin/Reduced Charge Test Plan.jmx
2020-04-06 22:09:40,272 INFO o.a.j.s.FileServer: Set new base='/Users/marievelapierre/Desktop/Qualité/TP/log8371-tp2/JMeter/apache-jmeter-5.2.1/bin'
2020-04-06 22:09:40,421 INFO o.a.j.s.SaveService: Testplan (JMX) version: 2.2. Testlog (JTL) version: 2.2
2020-04-06 22:09:40,438 INFO o.a.j.s.SaveService: Using SaveService properties version 5.0
2020-04-06 22:09:40,439 INFO o.a.j.s.SaveService: Using SaveService properties file encoding UTF-8
2020-04-06 22:09:40,441 INFO o.a.j.s.SaveService: Loading file: /Users/marievelapierre/Desktop/Qualité/TP/log8371-tp2/JMeter/apache-jmeter-5.2.1/bin/Reduced Charge Test Plan.jmx
2020-04-06 22:09:40,549 INFO o.a.j.s.FileServer: Set new base='/Users/marievelapierre/Desktop/Qualité/TP/log8371-tp2/JMeter/apache-jmeter-5.2.1/bin'
2020-04-06 22:10:26,437 INFO o.a.j.s.FileServer: Set new base='/Users/marievelapierre/Desktop/Qualité/TP/log8371-tp2/JMeter/apache-jmeter-5.2.1/bin'
